2023-10-12 08:07:32,207 - ERROR - An error occurred: Message: no such execution context
  (Session info: chrome=117.0.5938.152)
Stacktrace:
	GetHandleVerifier [0x00007FF777A37D12+55474]
	(No symbol) [0x00007FF7779A77C2]
	(No symbol) [0x00007FF77785DF9D]
	(No symbol) [0x00007FF77784CBF9]
	(No symbol) [0x00007FF77784AFA1]
	(No symbol) [0x00007FF77784B92E]
	(No symbol) [0x00007FF77785838D]
	(No symbol) [0x00007FF777868B81]
	(No symbol) [0x00007FF77786CEBA]
	(No symbol) [0x00007FF77784BF77]
	(No symbol) [0x00007FF777868813]
	(No symbol) [0x00007FF7778D7F59]
	(No symbol) [0x00007FF7778BEF33]
	(No symbol) [0x00007FF777893D41]
	(No symbol) [0x00007FF777894F84]
	GetHandleVerifier [0x00007FF777D9B762+3609346]
	GetHandleVerifier [0x00007FF777DF1A80+3962400]
	GetHandleVerifier [0x00007FF777DE9F0F+3930799]
	GetHandleVerifier [0x00007FF777AD3CA6+694342]
	(No symbol) [0x00007FF7779B2218]
	(No symbol) [0x00007FF7779AE484]
	(No symbol) [0x00007FF7779AE5B2]
	(No symbol) [0x00007FF77799EE13]
	BaseThreadInitThunk [0x00007FF9611C7344+20]
	RtlUserThreadStart [0x00007FF961F626B1+33]

2023-10-12 08:10:36,550 - ERROR - An error occurred: Message: no such execution context
  (Session info: chrome=117.0.5938.152)
Stacktrace:
	GetHandleVerifier [0x00007FF777A37D12+55474]
	(No symbol) [0x00007FF7779A77C2]
	(No symbol) [0x00007FF77785DF9D]
	(No symbol) [0x00007FF77784CBF9]
	(No symbol) [0x00007FF77784AFA1]
	(No symbol) [0x00007FF77784B92E]
	(No symbol) [0x00007FF77785838D]
	(No symbol) [0x00007FF777868B81]
	(No symbol) [0x00007FF77786CEBA]
	(No symbol) [0x00007FF77784BF77]
	(No symbol) [0x00007FF777868813]
	(No symbol) [0x00007FF7778D7F59]
	(No symbol) [0x00007FF7778BEF33]
	(No symbol) [0x00007FF777893D41]
	(No symbol) [0x00007FF777894F84]
	GetHandleVerifier [0x00007FF777D9B762+3609346]
	GetHandleVerifier [0x00007FF777DF1A80+3962400]
	GetHandleVerifier [0x00007FF777DE9F0F+3930799]
	GetHandleVerifier [0x00007FF777AD3CA6+694342]
	(No symbol) [0x00007FF7779B2218]
	(No symbol) [0x00007FF7779AE484]
	(No symbol) [0x00007FF7779AE5B2]
	(No symbol) [0x00007FF77799EE13]
	BaseThreadInitThunk [0x00007FF9611C7344+20]
	RtlUserThreadStart [0x00007FF961F626B1+33]

2023-10-12 08:14:27,219 - ERROR - An error occurred: Message: no such execution context
  (Session info: chrome=117.0.5938.152)
Stacktrace:
	GetHandleVerifier [0x00007FF777A37D12+55474]
	(No symbol) [0x00007FF7779A77C2]
	(No symbol) [0x00007FF77785DF9D]
	(No symbol) [0x00007FF77784CBF9]
	(No symbol) [0x00007FF77784AFA1]
	(No symbol) [0x00007FF77784B92E]
	(No symbol) [0x00007FF77785838D]
	(No symbol) [0x00007FF777868B81]
	(No symbol) [0x00007FF77786CEBA]
	(No symbol) [0x00007FF77784BF77]
	(No symbol) [0x00007FF777868813]
	(No symbol) [0x00007FF7778D7F59]
	(No symbol) [0x00007FF7778BEF33]
	(No symbol) [0x00007FF777893D41]
	(No symbol) [0x00007FF777894F84]
	GetHandleVerifier [0x00007FF777D9B762+3609346]
	GetHandleVerifier [0x00007FF777DF1A80+3962400]
	GetHandleVerifier [0x00007FF777DE9F0F+3930799]
	GetHandleVerifier [0x00007FF777AD3CA6+694342]
	(No symbol) [0x00007FF7779B2218]
	(No symbol) [0x00007FF7779AE484]
	(No symbol) [0x00007FF7779AE5B2]
	(No symbol) [0x00007FF77799EE13]
	BaseThreadInitThunk [0x00007FF9611C7344+20]
	RtlUserThreadStart [0x00007FF961F626B1+33]

2023-10-12 08:23:30,717 - ERROR - An error occurred: Message: no such execution context
  (Session info: chrome=117.0.5938.152)
Stacktrace:
	GetHandleVerifier [0x00007FF6222B7D12+55474]
	(No symbol) [0x00007FF6222277C2]
	(No symbol) [0x00007FF6220DDF9D]
	(No symbol) [0x00007FF6220CCBF9]
	(No symbol) [0x00007FF6220CAFA1]
	(No symbol) [0x00007FF6220CB92E]
	(No symbol) [0x00007FF6220D838D]
	(No symbol) [0x00007FF6220E8B81]
	(No symbol) [0x00007FF6220ECEBA]
	(No symbol) [0x00007FF6220CBF77]
	(No symbol) [0x00007FF6220E8813]
	(No symbol) [0x00007FF622157F59]
	(No symbol) [0x00007FF62213EF33]
	(No symbol) [0x00007FF622113D41]
	(No symbol) [0x00007FF622114F84]
	GetHandleVerifier [0x00007FF62261B762+3609346]
	GetHandleVerifier [0x00007FF622671A80+3962400]
	GetHandleVerifier [0x00007FF622669F0F+3930799]
	GetHandleVerifier [0x00007FF622353CA6+694342]
	(No symbol) [0x00007FF622232218]
	(No symbol) [0x00007FF62222E484]
	(No symbol) [0x00007FF62222E5B2]
	(No symbol) [0x00007FF62221EE13]
	BaseThreadInitThunk [0x00007FF9611C7344+20]
	RtlUserThreadStart [0x00007FF961F626B1+33]

2023-10-12 08:27:54,716 - ERROR - An error occurred: Message: element not interactable
  (Session info: chrome=117.0.5938.152)
Stacktrace:
	GetHandleVerifier [0x00007FF6222B7D12+55474]
	(No symbol) [0x00007FF6222277C2]
	(No symbol) [0x00007FF6220DDF9D]
	(No symbol) [0x00007FF62211FF95]
	(No symbol) [0x00007FF622115DCF]
	(No symbol) [0x00007FF62213F15A]
	(No symbol) [0x00007FF6221156E6]
	(No symbol) [0x00007FF62213F370]
	(No symbol) [0x00007FF622157EF2]
	(No symbol) [0x00007FF62213EF33]
	(No symbol) [0x00007FF622113D41]
	(No symbol) [0x00007FF622114F84]
	GetHandleVerifier [0x00007FF62261B762+3609346]
	GetHandleVerifier [0x00007FF622671A80+3962400]
	GetHandleVerifier [0x00007FF622669F0F+3930799]
	GetHandleVerifier [0x00007FF622353CA6+694342]
	(No symbol) [0x00007FF622232218]
	(No symbol) [0x00007FF62222E484]
	(No symbol) [0x00007FF62222E5B2]
	(No symbol) [0x00007FF62221EE13]
	BaseThreadInitThunk [0x00007FF9611C7344+20]
	RtlUserThreadStart [0x00007FF961F626B1+33]

2023-10-12 08:29:45,060 - ERROR - An error occurred: Message: no such execution context
  (Session info: chrome=117.0.5938.152)
Stacktrace:
	GetHandleVerifier [0x00007FF620977D12+55474]
	(No symbol) [0x00007FF6208E77C2]
	(No symbol) [0x00007FF62079DF9D]
	(No symbol) [0x00007FF62078CBF9]
	(No symbol) [0x00007FF62078AFA1]
	(No symbol) [0x00007FF62078B92E]
	(No symbol) [0x00007FF62079838D]
	(No symbol) [0x00007FF6207A8B81]
	(No symbol) [0x00007FF6207ACEBA]
	(No symbol) [0x00007FF62078BF77]
	(No symbol) [0x00007FF6207A8813]
	(No symbol) [0x00007FF620817F59]
	(No symbol) [0x00007FF6207FEF33]
	(No symbol) [0x00007FF6207D3D41]
	(No symbol) [0x00007FF6207D4F84]
	GetHandleVerifier [0x00007FF620CDB762+3609346]
	GetHandleVerifier [0x00007FF620D31A80+3962400]
	GetHandleVerifier [0x00007FF620D29F0F+3930799]
	GetHandleVerifier [0x00007FF620A13CA6+694342]
	(No symbol) [0x00007FF6208F2218]
	(No symbol) [0x00007FF6208EE484]
	(No symbol) [0x00007FF6208EE5B2]
	(No symbol) [0x00007FF6208DEE13]
	BaseThreadInitThunk [0x00007FF9611C7344+20]
	RtlUserThreadStart [0x00007FF961F626B1+33]

