2023-10-12 08:51:59,975 - ERROR - An error occurred: Message: no such execution context
  (Session info: chrome=117.0.5938.152)
Stacktrace:
	GetHandleVerifier [0x00007FF75D167D12+55474]
	(No symbol) [0x00007FF75D0D77C2]
	(No symbol) [0x00007FF75CF8DF9D]
	(No symbol) [0x00007FF75CF7CBF9]
	(No symbol) [0x00007FF75CF7AFA1]
	(No symbol) [0x00007FF75CF7B92E]
	(No symbol) [0x00007FF75CF8838D]
	(No symbol) [0x00007FF75CF98B81]
	(No symbol) [0x00007FF75CF9CEBA]
	(No symbol) [0x00007FF75CF7BF77]
	(No symbol) [0x00007FF75CF98813]
	(No symbol) [0x00007FF75D007F59]
	(No symbol) [0x00007FF75CFEEF33]
	(No symbol) [0x00007FF75CFC3D41]
	(No symbol) [0x00007FF75CFC4F84]
	GetHandleVerifier [0x00007FF75D4CB762+3609346]
	GetHandleVerifier [0x00007FF75D521A80+3962400]
	GetHandleVerifier [0x00007FF75D519F0F+3930799]
	GetHandleVerifier [0x00007FF75D203CA6+694342]
	(No symbol) [0x00007FF75D0E2218]
	(No symbol) [0x00007FF75D0DE484]
	(No symbol) [0x00007FF75D0DE5B2]
	(No symbol) [0x00007FF75D0CEE13]
	BaseThreadInitThunk [0x00007FF9611C7344+20]
	RtlUserThreadStart [0x00007FF961F626B1+33]

2023-10-12 08:53:17,726 - ERROR - An error occurred: Message: no such execution context
  (Session info: chrome=117.0.5938.152)
Stacktrace:
	GetHandleVerifier [0x00007FF75D167D12+55474]
	(No symbol) [0x00007FF75D0D77C2]
	(No symbol) [0x00007FF75CF8DF9D]
	(No symbol) [0x00007FF75CF7CBF9]
	(No symbol) [0x00007FF75CF7AFA1]
	(No symbol) [0x00007FF75CF7B92E]
	(No symbol) [0x00007FF75CF8838D]
	(No symbol) [0x00007FF75CF98B81]
	(No symbol) [0x00007FF75CF9CEBA]
	(No symbol) [0x00007FF75CF7BF77]
	(No symbol) [0x00007FF75CF98813]
	(No symbol) [0x00007FF75D007F59]
	(No symbol) [0x00007FF75CFEEF33]
	(No symbol) [0x00007FF75CFC3D41]
	(No symbol) [0x00007FF75CFC4F84]
	GetHandleVerifier [0x00007FF75D4CB762+3609346]
	GetHandleVerifier [0x00007FF75D521A80+3962400]
	GetHandleVerifier [0x00007FF75D519F0F+3930799]
	GetHandleVerifier [0x00007FF75D203CA6+694342]
	(No symbol) [0x00007FF75D0E2218]
	(No symbol) [0x00007FF75D0DE484]
	(No symbol) [0x00007FF75D0DE5B2]
	(No symbol) [0x00007FF75D0CEE13]
	BaseThreadInitThunk [0x00007FF9611C7344+20]
	RtlUserThreadStart [0x00007FF961F626B1+33]

2023-10-12 09:02:16,411 - ERROR - An error occurred: Message: no such execution context
  (Session info: chrome=117.0.5938.152)
Stacktrace:
	GetHandleVerifier [0x00007FF74F617D12+55474]
	(No symbol) [0x00007FF74F5877C2]
	(No symbol) [0x00007FF74F43DF9D]
	(No symbol) [0x00007FF74F42CBF9]
	(No symbol) [0x00007FF74F42AFA1]
	(No symbol) [0x00007FF74F42B92E]
	(No symbol) [0x00007FF74F43838D]
	(No symbol) [0x00007FF74F448B81]
	(No symbol) [0x00007FF74F44CEBA]
	(No symbol) [0x00007FF74F42BF77]
	(No symbol) [0x00007FF74F448813]
	(No symbol) [0x00007FF74F4B7F59]
	(No symbol) [0x00007FF74F49EF33]
	(No symbol) [0x00007FF74F473D41]
	(No symbol) [0x00007FF74F474F84]
	GetHandleVerifier [0x00007FF74F97B762+3609346]
	GetHandleVerifier [0x00007FF74F9D1A80+3962400]
	GetHandleVerifier [0x00007FF74F9C9F0F+3930799]
	GetHandleVerifier [0x00007FF74F6B3CA6+694342]
	(No symbol) [0x00007FF74F592218]
	(No symbol) [0x00007FF74F58E484]
	(No symbol) [0x00007FF74F58E5B2]
	(No symbol) [0x00007FF74F57EE13]
	BaseThreadInitThunk [0x00007FF9611C7344+20]
	RtlUserThreadStart [0x00007FF961F626B1+33]

2023-10-12 09:04:23,852 - ERROR - An error occurred: Message: no such execution context
  (Session info: chrome=117.0.5938.152)
Stacktrace:
	GetHandleVerifier [0x00007FF658347D12+55474]
	(No symbol) [0x00007FF6582B77C2]
	(No symbol) [0x00007FF65816DF9D]
	(No symbol) [0x00007FF65815CBF9]
	(No symbol) [0x00007FF65815AFA1]
	(No symbol) [0x00007FF65815B92E]
	(No symbol) [0x00007FF65816838D]
	(No symbol) [0x00007FF658178B81]
	(No symbol) [0x00007FF65817CEBA]
	(No symbol) [0x00007FF65815BF77]
	(No symbol) [0x00007FF658178813]
	(No symbol) [0x00007FF6581E7F59]
	(No symbol) [0x00007FF6581CEF33]
	(No symbol) [0x00007FF6581A3D41]
	(No symbol) [0x00007FF6581A4F84]
	GetHandleVerifier [0x00007FF6586AB762+3609346]
	GetHandleVerifier [0x00007FF658701A80+3962400]
	GetHandleVerifier [0x00007FF6586F9F0F+3930799]
	GetHandleVerifier [0x00007FF6583E3CA6+694342]
	(No symbol) [0x00007FF6582C2218]
	(No symbol) [0x00007FF6582BE484]
	(No symbol) [0x00007FF6582BE5B2]
	(No symbol) [0x00007FF6582AEE13]
	BaseThreadInitThunk [0x00007FF9611C7344+20]
	RtlUserThreadStart [0x00007FF961F626B1+33]

2023-10-12 09:11:27,678 - ERROR - An error occurred: Message: element not interactable
  (Session info: chrome=117.0.5938.152)
Stacktrace:
	GetHandleVerifier [0x00007FF658347D12+55474]
	(No symbol) [0x00007FF6582B77C2]
	(No symbol) [0x00007FF65816DF9D]
	(No symbol) [0x00007FF6581AFF95]
	(No symbol) [0x00007FF6581A5DCF]
	(No symbol) [0x00007FF6581CF15A]
	(No symbol) [0x00007FF6581A56E6]
	(No symbol) [0x00007FF6581CF370]
	(No symbol) [0x00007FF6581E7EF2]
	(No symbol) [0x00007FF6581CEF33]
	(No symbol) [0x00007FF6581A3D41]
	(No symbol) [0x00007FF6581A4F84]
	GetHandleVerifier [0x00007FF6586AB762+3609346]
	GetHandleVerifier [0x00007FF658701A80+3962400]
	GetHandleVerifier [0x00007FF6586F9F0F+3930799]
	GetHandleVerifier [0x00007FF6583E3CA6+694342]
	(No symbol) [0x00007FF6582C2218]
	(No symbol) [0x00007FF6582BE484]
	(No symbol) [0x00007FF6582BE5B2]
	(No symbol) [0x00007FF6582AEE13]
	BaseThreadInitThunk [0x00007FF9611C7344+20]
	RtlUserThreadStart [0x00007FF961F626B1+33]

2023-10-12 09:50:22,207 - ERROR - An error occurred: PyAutoGUI fail-safe triggered from mouse moving to a corner of the screen. To disable this fail-safe, set pyautogui.FAILSAFE to False. DISABLING FAIL-SAFE IS NOT RECOMMENDED.
2023-10-12 10:34:31,671 - ERROR - An error occurred: Message: no such execution context
  (Session info: chrome=117.0.5938.152)
Stacktrace:
	GetHandleVerifier [0x00007FF7E49A7D12+55474]
	(No symbol) [0x00007FF7E49177C2]
	(No symbol) [0x00007FF7E47CDF9D]
	(No symbol) [0x00007FF7E47BCBF9]
	(No symbol) [0x00007FF7E47BAFA1]
	(No symbol) [0x00007FF7E47BB92E]
	(No symbol) [0x00007FF7E47C838D]
	(No symbol) [0x00007FF7E47D8B81]
	(No symbol) [0x00007FF7E47DCEBA]
	(No symbol) [0x00007FF7E47BBF77]
	(No symbol) [0x00007FF7E47D8813]
	(No symbol) [0x00007FF7E4847F59]
	(No symbol) [0x00007FF7E482EF33]
	(No symbol) [0x00007FF7E4803D41]
	(No symbol) [0x00007FF7E4804F84]
	GetHandleVerifier [0x00007FF7E4D0B762+3609346]
	GetHandleVerifier [0x00007FF7E4D61A80+3962400]
	GetHandleVerifier [0x00007FF7E4D59F0F+3930799]
	GetHandleVerifier [0x00007FF7E4A43CA6+694342]
	(No symbol) [0x00007FF7E4922218]
	(No symbol) [0x00007FF7E491E484]
	(No symbol) [0x00007FF7E491E5B2]
	(No symbol) [0x00007FF7E490EE13]
	BaseThreadInitThunk [0x00007FFAA14E7344+20]
	RtlUserThreadStart [0x00007FFAA34C26B1+33]

2023-10-12 11:21:12,840 - ERROR - An error occurred: Message: no such execution context
  (Session info: chrome=117.0.5938.152)
Stacktrace:
	GetHandleVerifier [0x00007FF658E87D12+55474]
	(No symbol) [0x00007FF658DF77C2]
	(No symbol) [0x00007FF658CADF9D]
	(No symbol) [0x00007FF658C9CBF9]
	(No symbol) [0x00007FF658C9AFA1]
	(No symbol) [0x00007FF658C9B92E]
	(No symbol) [0x00007FF658CA838D]
	(No symbol) [0x00007FF658CB8B81]
	(No symbol) [0x00007FF658CBCEBA]
	(No symbol) [0x00007FF658C9BF77]
	(No symbol) [0x00007FF658CB8813]
	(No symbol) [0x00007FF658D27F59]
	(No symbol) [0x00007FF658D0EF33]
	(No symbol) [0x00007FF658CE3D41]
	(No symbol) [0x00007FF658CE4F84]
	GetHandleVerifier [0x00007FF6591EB762+3609346]
	GetHandleVerifier [0x00007FF659241A80+3962400]
	GetHandleVerifier [0x00007FF659239F0F+3930799]
	GetHandleVerifier [0x00007FF658F23CA6+694342]
	(No symbol) [0x00007FF658E02218]
	(No symbol) [0x00007FF658DFE484]
	(No symbol) [0x00007FF658DFE5B2]
	(No symbol) [0x00007FF658DEEE13]
	BaseThreadInitThunk [0x00007FFAA14E7344+20]
	RtlUserThreadStart [0x00007FFAA34C26B1+33]

2023-10-12 13:51:55,293 - ERROR - An error occurred: Message: element not interactable
  (Session info: chrome=117.0.5938.152)
Stacktrace:
	GetHandleVerifier [0x00007FF6DAA47D12+55474]
	(No symbol) [0x00007FF6DA9B77C2]
	(No symbol) [0x00007FF6DA86DF9D]
	(No symbol) [0x00007FF6DA8AFF95]
	(No symbol) [0x00007FF6DA8A5DCF]
	(No symbol) [0x00007FF6DA8CF15A]
	(No symbol) [0x00007FF6DA8A56E6]
	(No symbol) [0x00007FF6DA8CF370]
	(No symbol) [0x00007FF6DA8E7EF2]
	(No symbol) [0x00007FF6DA8CEF33]
	(No symbol) [0x00007FF6DA8A3D41]
	(No symbol) [0x00007FF6DA8A4F84]
	GetHandleVerifier [0x00007FF6DADAB762+3609346]
	GetHandleVerifier [0x00007FF6DAE01A80+3962400]
	GetHandleVerifier [0x00007FF6DADF9F0F+3930799]
	GetHandleVerifier [0x00007FF6DAAE3CA6+694342]
	(No symbol) [0x00007FF6DA9C2218]
	(No symbol) [0x00007FF6DA9BE484]
	(No symbol) [0x00007FF6DA9BE5B2]
	(No symbol) [0x00007FF6DA9AEE13]
	BaseThreadInitThunk [0x00007FFAA14E7344+20]
	RtlUserThreadStart [0x00007FFAA34C26B1+33]

2023-10-12 14:51:10,653 - ERROR - An error occurred: ('Connection aborted.', ConnectionResetError(10054, 'An existing connection was forcibly closed by the remote host', None, 10054, None))
2023-10-12 15:06:20,572 - ERROR - An error occurred: name 'chromeObj' is not defined
2023-10-12 15:06:55,849 - ERROR - An error occurred: Message: session not created: Chrome failed to start: exited normally.
  (session not created: DevToolsActivePort file doesn't exist)
  (The process started from chrome location C:\Users\M\AppData\Local\Google\Chrome\Application\chrome.exe is no longer running, so ChromeDriver is assuming that Chrome has crashed.)
Stacktrace:
	GetHandleVerifier [0x00007FF6DEA58EF2+54786]
	(No symbol) [0x00007FF6DE9C5612]
	(No symbol) [0x00007FF6DE87A64B]
	(No symbol) [0x00007FF6DE8A94A6]
	(No symbol) [0x00007FF6DE8A53BE]
	(No symbol) [0x00007FF6DE8E3FBB]
	(No symbol) [0x00007FF6DE8E3A30]
	(No symbol) [0x00007FF6DE8DBC43]
	(No symbol) [0x00007FF6DE8B0941]
	(No symbol) [0x00007FF6DE8B1B84]
	GetHandleVerifier [0x00007FF6DEDA7F52+3524194]
	GetHandleVerifier [0x00007FF6DEDFD800+3874576]
	GetHandleVerifier [0x00007FF6DEDF5D7F+3843215]
	GetHandleVerifier [0x00007FF6DEAF5086+694166]
	(No symbol) [0x00007FF6DE9D0A88]
	(No symbol) [0x00007FF6DE9CCA94]
	(No symbol) [0x00007FF6DE9CCBC2]
	(No symbol) [0x00007FF6DE9BCC83]
	BaseThreadInitThunk [0x00007FFA5DAD7344+20]
	RtlUserThreadStart [0x00007FFA5F6826B1+33]

2023-10-12 15:12:13,037 - ERROR - An error occurred: name 'chromeObj' is not defined
2023-10-12 15:15:18,451 - ERROR - An error occurred: Message: session not created: Chrome failed to start: exited normally.
  (session not created: DevToolsActivePort file doesn't exist)
  (The process started from chrome location C:\Users\M\AppData\Local\Google\Chrome\Application\chrome.exe is no longer running, so ChromeDriver is assuming that Chrome has crashed.)
Stacktrace:
	GetHandleVerifier [0x00007FF77D328EF2+54786]
	(No symbol) [0x00007FF77D295612]
	(No symbol) [0x00007FF77D14A64B]
	(No symbol) [0x00007FF77D1794A6]
	(No symbol) [0x00007FF77D1753BE]
	(No symbol) [0x00007FF77D1B3FBB]
	(No symbol) [0x00007FF77D1B3A30]
	(No symbol) [0x00007FF77D1ABC43]
	(No symbol) [0x00007FF77D180941]
	(No symbol) [0x00007FF77D181B84]
	GetHandleVerifier [0x00007FF77D677F52+3524194]
	GetHandleVerifier [0x00007FF77D6CD800+3874576]
	GetHandleVerifier [0x00007FF77D6C5D7F+3843215]
	GetHandleVerifier [0x00007FF77D3C5086+694166]
	(No symbol) [0x00007FF77D2A0A88]
	(No symbol) [0x00007FF77D29CA94]
	(No symbol) [0x00007FF77D29CBC2]
	(No symbol) [0x00007FF77D28CC83]
	BaseThreadInitThunk [0x00007FFA5DAD7344+20]
	RtlUserThreadStart [0x00007FFA5F6826B1+33]

2023-10-13 06:08:22,127 - ERROR - An error occurred: name 'chrome_Obj' is not defined
2023-10-13 06:30:10,897 - ERROR - An error occurred: ('Connection aborted.', ConnectionResetError(10054, 'An existing connection was forcibly closed by the remote host', None, 10054, None))
2023-10-13 06:55:29,677 - ERROR - An error occurred: name 'chrome_Obj' is not defined
2023-10-13 06:55:44,895 - ERROR - An error occurred: Message: session not created: Chrome failed to start: exited normally.
  (session not created: DevToolsActivePort file doesn't exist)
  (The process started from chrome location C:\Users\M\AppData\Local\Google\Chrome\Application\chrome.exe is no longer running, so ChromeDriver is assuming that Chrome has crashed.)
Stacktrace:
	GetHandleVerifier [0x00007FF6301E8EF2+54786]
	(No symbol) [0x00007FF630155612]
	(No symbol) [0x00007FF63000A64B]
	(No symbol) [0x00007FF6300394A6]
	(No symbol) [0x00007FF6300353BE]
	(No symbol) [0x00007FF630073FBB]
	(No symbol) [0x00007FF630073A30]
	(No symbol) [0x00007FF63006BC43]
	(No symbol) [0x00007FF630040941]
	(No symbol) [0x00007FF630041B84]
	GetHandleVerifier [0x00007FF630537F52+3524194]
	GetHandleVerifier [0x00007FF63058D800+3874576]
	GetHandleVerifier [0x00007FF630585D7F+3843215]
	GetHandleVerifier [0x00007FF630285086+694166]
	(No symbol) [0x00007FF630160A88]
	(No symbol) [0x00007FF63015CA94]
	(No symbol) [0x00007FF63015CBC2]
	(No symbol) [0x00007FF63014CC83]
	BaseThreadInitThunk [0x00007FFC87777344+20]
	RtlUserThreadStart [0x00007FFC885A26B1+33]

2023-10-13 06:58:24,070 - ERROR - An error occurred: Message: session not created: Chrome failed to start: exited normally.
  (session not created: DevToolsActivePort file doesn't exist)
  (The process started from chrome location C:\Users\M\AppData\Local\Google\Chrome\Application\chrome.exe is no longer running, so ChromeDriver is assuming that Chrome has crashed.)
Stacktrace:
	GetHandleVerifier [0x00007FF748128EF2+54786]
	(No symbol) [0x00007FF748095612]
	(No symbol) [0x00007FF747F4A64B]
	(No symbol) [0x00007FF747F794A6]
	(No symbol) [0x00007FF747F753BE]
	(No symbol) [0x00007FF747FB3FBB]
	(No symbol) [0x00007FF747FB3A30]
	(No symbol) [0x00007FF747FABC43]
	(No symbol) [0x00007FF747F80941]
	(No symbol) [0x00007FF747F81B84]
	GetHandleVerifier [0x00007FF748477F52+3524194]
	GetHandleVerifier [0x00007FF7484CD800+3874576]
	GetHandleVerifier [0x00007FF7484C5D7F+3843215]
	GetHandleVerifier [0x00007FF7481C5086+694166]
	(No symbol) [0x00007FF7480A0A88]
	(No symbol) [0x00007FF74809CA94]
	(No symbol) [0x00007FF74809CBC2]
	(No symbol) [0x00007FF74808CC83]
	BaseThreadInitThunk [0x00007FFC87777344+20]
	RtlUserThreadStart [0x00007FFC885A26B1+33]

2023-10-13 06:59:41,480 - ERROR - An error occurred: Message: session not created: Chrome failed to start: exited normally.
  (session not created: DevToolsActivePort file doesn't exist)
  (The process started from chrome location C:\Users\M\AppData\Local\Google\Chrome\Application\chrome.exe is no longer running, so ChromeDriver is assuming that Chrome has crashed.)
Stacktrace:
	GetHandleVerifier [0x00007FF748128EF2+54786]
	(No symbol) [0x00007FF748095612]
	(No symbol) [0x00007FF747F4A64B]
	(No symbol) [0x00007FF747F794A6]
	(No symbol) [0x00007FF747F753BE]
	(No symbol) [0x00007FF747FB3FBB]
	(No symbol) [0x00007FF747FB3A30]
	(No symbol) [0x00007FF747FABC43]
	(No symbol) [0x00007FF747F80941]
	(No symbol) [0x00007FF747F81B84]
	GetHandleVerifier [0x00007FF748477F52+3524194]
	GetHandleVerifier [0x00007FF7484CD800+3874576]
	GetHandleVerifier [0x00007FF7484C5D7F+3843215]
	GetHandleVerifier [0x00007FF7481C5086+694166]
	(No symbol) [0x00007FF7480A0A88]
	(No symbol) [0x00007FF74809CA94]
	(No symbol) [0x00007FF74809CBC2]
	(No symbol) [0x00007FF74808CC83]
	BaseThreadInitThunk [0x00007FFC87777344+20]
	RtlUserThreadStart [0x00007FFC885A26B1+33]

2023-10-13 07:07:25,332 - ERROR - An error occurred: 'Options' object has no attribute 'addArguments'
2023-10-13 07:09:10,636 - ERROR - An error occurred: Message: session not created: Chrome failed to start: exited normally.
  (session not created: DevToolsActivePort file doesn't exist)
  (The process started from chrome location C:\Users\M\AppData\Local\Google\Chrome\Application\chrome.exe is no longer running, so ChromeDriver is assuming that Chrome has crashed.)
Stacktrace:
	GetHandleVerifier [0x00007FF720A68EF2+54786]
	(No symbol) [0x00007FF7209D5612]
	(No symbol) [0x00007FF72088A64B]
	(No symbol) [0x00007FF7208B94A6]
	(No symbol) [0x00007FF7208B53BE]
	(No symbol) [0x00007FF7208F3FBB]
	(No symbol) [0x00007FF7208F3A30]
	(No symbol) [0x00007FF7208EBC43]
	(No symbol) [0x00007FF7208C0941]
	(No symbol) [0x00007FF7208C1B84]
	GetHandleVerifier [0x00007FF720DB7F52+3524194]
	GetHandleVerifier [0x00007FF720E0D800+3874576]
	GetHandleVerifier [0x00007FF720E05D7F+3843215]
	GetHandleVerifier [0x00007FF720B05086+694166]
	(No symbol) [0x00007FF7209E0A88]
	(No symbol) [0x00007FF7209DCA94]
	(No symbol) [0x00007FF7209DCBC2]
	(No symbol) [0x00007FF7209CCC83]
	BaseThreadInitThunk [0x00007FFC87777344+20]
	RtlUserThreadStart [0x00007FFC885A26B1+33]

2023-10-13 07:35:29,831 - ERROR - An error occurred: Message: session not created: Chrome failed to start: exited normally.
  (session not created: DevToolsActivePort file doesn't exist)
  (The process started from chrome location C:\Users\M\AppData\Local\Google\Chrome\Application\chrome.exe is no longer running, so ChromeDriver is assuming that Chrome has crashed.)
Stacktrace:
	GetHandleVerifier [0x00007FF7C8D98EF2+54786]
	(No symbol) [0x00007FF7C8D05612]
	(No symbol) [0x00007FF7C8BBA64B]
	(No symbol) [0x00007FF7C8BE94A6]
	(No symbol) [0x00007FF7C8BE53BE]
	(No symbol) [0x00007FF7C8C23FBB]
	(No symbol) [0x00007FF7C8C23A30]
	(No symbol) [0x00007FF7C8C1BC43]
	(No symbol) [0x00007FF7C8BF0941]
	(No symbol) [0x00007FF7C8BF1B84]
	GetHandleVerifier [0x00007FF7C90E7F52+3524194]
	GetHandleVerifier [0x00007FF7C913D800+3874576]
	GetHandleVerifier [0x00007FF7C9135D7F+3843215]
	GetHandleVerifier [0x00007FF7C8E35086+694166]
	(No symbol) [0x00007FF7C8D10A88]
	(No symbol) [0x00007FF7C8D0CA94]
	(No symbol) [0x00007FF7C8D0CBC2]
	(No symbol) [0x00007FF7C8CFCC83]
	BaseThreadInitThunk [0x00007FFC87777344+20]
	RtlUserThreadStart [0x00007FFC885A26B1+33]

